#
# A fatal error has been detected by the Java Runtime Environment:
#
#  SIGSEGV (0xb) at pc=0x000000011645d71f, pid=35693, tid=79619
#
# JRE version: OpenJDK Runtime Environment (Zulu11.35+13-CA) (11.0.5+10) (build 11.0.5+10-LTS)
# Java VM: OpenJDK 64-Bit Server VM (11.0.5+10-LTS, mixed mode, tiered, compressed oops, g1 gc, bsd-amd64)
# Problematic frame:
# C  [libjimage.dylib+0x171f]  _ZN12ImageStrings4findEP6EndianPKcPij+0x57
#
# No core dump will be written. Core dumps have been disabled. To enable core dumping, try "ulimit -c unlimited" before starting Java again
#
# If you would like to submit a bug report, please visit:
#   http://www.azulsystems.com/support/
#

---------------  S U M M A R Y ------------

Command Line: -Xmx2048M -Xss2M -XX:ErrorFile=/dev/null 

Host: MacBookPro13,3 x86_64 2700 MHz, 8 cores, 16G, Darwin 19.3.0
Time: Tue Feb 11 13:33:32 2020 PST elapsed time: 1 seconds (0d 0h 0m 1s)

---------------  T H R E A D  ---------------

Current thread (0x00007f85e4928000):  JavaThread "Thread-0" [_thread_in_vm, id=79619, stack(0x00007000089f7000,0x0000700008bf7000)]

Stack: [0x00007000089f7000,0x0000700008bf7000],  sp=0x0000700008bf3d30,  free space=2035k
Native frames: (J=compiled Java code, A=aot compiled Java code, j=interpreted, Vv=VM code, C=native code)
C  [libjimage.dylib+0x171f]  _ZN12ImageStrings4findEP6EndianPKcPij+0x57
C  [libjimage.dylib+0x240f]  _ZNK15ImageFileReader19find_location_indexEPKcPy+0x3f
C  [libjimage.dylib+0x27a1]  JIMAGE_FindResource+0xd7
V  [libjvm.dylib+0x1fbb39]  _ZN19ClassPathImageEntry11open_streamEPKcP6Thread+0x45
V